TN:
SF:src\config.ts
FNF:0
FNH:0
DA:7,1
DA:12,1
LF:2
LH:2
BRF:0
BRH:0
end_of_record
TN:
SF:src\index.ts
FN:14,main
FN:38,(anonymous_1)
FNF:2
FNH:0
FNDA:0,main
FNDA:0,(anonymous_1)
DA:12,0
DA:15,0
DA:17,0
DA:18,0
DA:20,0
DA:21,0
DA:22,0
DA:24,0
DA:25,0
DA:26,0
DA:28,0
DA:29,0
DA:30,0
DA:32,0
DA:33,0
DA:34,0
DA:35,0
DA:38,0
DA:39,0
DA:40,0
LF:20
LH:0
BRF:0
BRH:0
end_of_record
TN:
SF:src\submit-jcl.ts
FN:14,main
FNF:1
FNH:0
FNDA:0,main
DA:12,0
DA:15,0
DA:16,0
DA:18,0
DA:19,0
DA:20,0
DA:23,0
DA:24,0
DA:27,0
DA:29,0
DA:30,0
DA:32,0
DA:33,0
DA:35,0
DA:36,0
DA:38,0
DA:39,0
DA:41,0
DA:43,0
DA:44,0
DA:45,0
DA:47,0
DA:48,0
DA:49,0
DA:50,0
DA:51,0
DA:52,0
DA:55,0
DA:56,0
DA:60,0
LF:30
LH:0
BRDA:18,0,0,0
BRDA:18,0,1,0
BRDA:18,1,0,0
BRDA:18,1,1,0
BRDA:27,2,0,0
BRDA:27,2,1,0
BRDA:27,2,2,0
BRDA:27,2,3,0
BRDA:47,3,0,0
BRDA:47,3,1,0
BRF:10
BRH:0
end_of_record
TN:
SF:src\services\catfacts.ts
FN:20,fetchCatFacts
FNF:1
FNH:1
FNDA:3,fetchCatFacts
DA:18,1
DA:21,3
DA:22,3
DA:29,2
DA:30,2
DA:32,1
DA:33,0
DA:35,1
DA:37,1
LF:9
LH:8
BRDA:20,0,0,3
BRDA:32,1,0,0
BRDA:32,1,1,1
BRF:3
BRH:2
end_of_record
TN:
SF:src\services\zowe.ts
FN:32,loadZoweConfig
FN:69,getSession
FN:86,initZoweConfig
FN:90,uploadCsvToMainframe
FN:120,submitJcl
FN:166,downloadReport
FNF:6
FNH:6
FNDA:5,loadZoweConfig
FNDA:5,getSession
FNDA:5,initZoweConfig
FNDA:1,uploadCsvToMainframe
FNDA:2,submitJcl
FNDA:1,downloadReport
DA:33,5
DA:35,5
DA:36,5
DA:37,5
DA:39,5
DA:40,5
DA:42,5
DA:43,5
DA:45,5
DA:46,5
DA:48,5
DA:49,5
DA:50,5
DA:53,5
DA:64,1
DA:65,1
DA:70,5
DA:71,1
DA:72,0
DA:74,1
DA:83,5
DA:87,5
DA:91,1
DA:93,1
DA:94,1
DA:95,1
DA:102,1
DA:104,0
DA:105,0
DA:107,0
DA:111,1
DA:113,1
DA:115,0
DA:116,0
DA:121,2
DA:123,2
DA:125,2
DA:127,1
DA:128,1
DA:130,0
DA:131,0
DA:133,1
DA:134,1
DA:136,0
DA:137,0
DA:139,2
DA:141,2
DA:142,2
DA:144,2
DA:145,2
DA:147,2
DA:149,2
DA:150,1
DA:151,1
DA:152,1
DA:153,1
DA:154,1
DA:155,1
DA:159,2
DA:161,0
DA:162,0
DA:167,1
DA:169,1
DA:170,1
DA:171,1
DA:172,1
DA:174,0
DA:175,0
DA:177,0
DA:179,0
LF:70
LH:54
BRDA:39,0,0,5
BRDA:39,0,1,0
BRDA:42,1,0,5
BRDA:42,1,1,0
BRDA:45,2,0,5
BRDA:45,2,1,0
BRDA:48,3,0,5
BRDA:48,3,1,0
BRDA:49,4,0,5
BRDA:49,4,1,0
BRDA:50,5,0,5
BRDA:50,5,1,0
BRDA:54,6,0,5
BRDA:54,6,1,0
BRDA:55,7,0,5
BRDA:55,7,1,5
BRDA:57,8,0,5
BRDA:57,8,1,0
BRDA:58,9,0,5
BRDA:58,9,1,0
BRDA:70,10,0,1
BRDA:70,10,1,4
BRDA:71,11,0,0
BRDA:71,11,1,1
BRDA:104,12,0,0
BRDA:104,12,1,0
BRDA:125,13,0,1
BRDA:125,13,1,0
BRDA:125,13,2,1
BRDA:125,13,3,0
BRDA:149,14,0,1
BRDA:149,14,1,1
BRDA:154,15,0,1
BRDA:154,15,1,0
BRDA:174,16,0,0
BRDA:174,16,1,0
BRF:36
BRH:19
end_of_record
TN:
SF:src\utils\csv.ts
FN:7,convertToCsv
FN:9,(anonymous_1)
FN:17,escapeCsvField
FNF:3
FNH:3
FNDA:7,convertToCsv
FNDA:7,(anonymous_1)
FNDA:7,escapeCsvField
DA:8,7
DA:9,7
DA:10,7
DA:11,7
DA:14,7
DA:18,7
DA:19,4
DA:20,4
DA:22,3
LF:9
LH:9
BRDA:18,0,0,4
BRDA:18,0,1,3
BRDA:18,1,0,7
BRDA:18,1,1,5
BRDA:18,1,2,4
BRF:5
BRH:5
end_of_record
